1 G 30:0.0201518 46:0.0147419
2 A 29:0.0204502 45:0.0171458 46:0.269067
3 G 26:0.059398 45:0.553942
4 U 25:0.0570495 44:0.700819
5 U 43:0.758625
6 C 23:0.0643854 42:0.772675
7 A 41:0.759013
8 C 21:0.108881 40:0.725293
9 C 18:0.0202829 20:0.129523 31:0.029014 40:0.017715
10 G 17:0.0223766 19:0.125603 30:0.0314343 38:0.23139
11 A 29:0.0299868
12 G 15:0.0249889 17:0.0998392 26:0.0102936 36:0.0632539 38:0.0397408
13 G 14:0.0265669 36:0.233344
14 C 21:0.0141562 34:0.346691 35:0.286264
15 C 20:0.0149304 33:0.341303 34:0.257654
16 A 24:0.0176808
17 C 23:0.0224617 27:0.0150893 31:0.300537 33:0.173083
18 G 26:0.0169424 30:0.291999
19 C 27:0.150781 31:0.188581
20 G 26:0.148986 29:0.0129066 30:0.189756
21 G 26:0.0190748 29:0.13311 30:0.0314075
22 A 29:0.0370084
23 G 26:0.0593786 30:0.0116156 38:0.0809204
24 U 25:0.0592366 37:0.0850811
25 A 36:0.0846474
26 C 31:0.0111513 35:0.0776766
27 G 30:0.012334
28 A 29:0.0129914
29 U 32:0.0106429
30 C 31:0.0114063
31 G
32 A
33 G
34 G
35 G
36 U
37 A
38 C
39 A
40 G
41 U
42 G
43 A
44 A
45 U
46 U
